<?xml version="1.0" encoding="UTF-8"?>
<robot generator="Robot 7.3.2 (Python 3.10.4 on win32)" generated="2025-09-06T00:09:25.460891" rpa="false" schemaversion="5">
<suite id="s1" name="Robot-Tests" source="C:\Users\jysya\robot-tests">
<suite id="s1-s1" name="Tests" source="C:\Users\jysya\robot-tests\tests">
<suite id="s1-s1-s1" name="Inpi" source="C:\Users\jysya\robot-tests\tests\inpi.robot">
<test id="s1-s1-s1-t1" name="Cenário 1: Verificar atualizações inpi" line="52">
<kw name="abrir site inpi">
<kw name="Open Browser" owner="SeleniumLibrary">
<msg time="2025-09-06T00:09:26.209952" level="WARN">exexcutable_path is being deprecated. Please use service to configure the driver's executable_path as per documentation.</msg>
<msg time="2025-09-06T00:09:26.233772" level="INFO">Opening browser 'Chrome' to base url 'https://busca.inpi.gov.br/pePI/jsp/marcas/Pesquisa_num_processo.jsp'.</msg>
<arg>https://busca.inpi.gov.br/pePI/jsp/marcas/Pesquisa_num_processo.jsp</arg>
<arg>Chrome</arg>
<arg>executable_path=C:/drivers/chromedriver/139/chromedriver.exe</arg>
<doc>Opens a new browser instance to the optional ``url``.</doc>
<status status="PASS" start="2025-09-06T00:09:26.209952" elapsed="2.176259"/>
</kw>
<kw name="Maximize Browser Window" owner="SeleniumLibrary">
<doc>Maximizes current browser window.</doc>
<status status="PASS" start="2025-09-06T00:09:28.386211" elapsed="0.042749"/>
</kw>
<status status="PASS" start="2025-09-06T00:09:26.208121" elapsed="2.220839"/>
</kw>
<kw name="fazer login">
<kw name="Input Text" owner="SeleniumLibrary">
<msg time="2025-09-06T00:09:28.437997" level="INFO">Typing text 'Leandro89' into text field '//input[@name='T_Login']'.</msg>
<arg>${userName}</arg>
<arg>Leandro89</arg>
<doc>Types the given ``text`` into the text field identified by ``locator``.</doc>
<status status="PASS" start="2025-09-06T00:09:28.434643" elapsed="0.252820"/>
</kw>
<kw name="Input Text" owner="SeleniumLibrary">
<msg time="2025-09-06T00:09:28.689220" level="INFO">Typing text 'inpi2023' into text field '//input[@name='T_Senha']'.</msg>
<arg>${password}</arg>
<arg>inpi2023</arg>
<doc>Types the given ``text`` into the text field identified by ``locator``.</doc>
<status status="PASS" start="2025-09-06T00:09:28.689220" elapsed="0.268673"/>
</kw>
<kw name="Click Element" owner="SeleniumLibrary">
<msg time="2025-09-06T00:09:28.961664" level="INFO">Clicking element '//input[@type='submit' and @value=' Continuar » ']'.</msg>
<arg>${button_continue}</arg>
<doc>Click the element identified by ``locator``.</doc>
<status status="PASS" start="2025-09-06T00:09:28.960259" elapsed="0.264654"/>
</kw>
<status status="PASS" start="2025-09-06T00:09:28.431815" elapsed="0.793098"/>
</kw>
<kw name="entrar em marcas">
<kw name="Wait Until Element Is Enabled" owner="SeleniumLibrary">
<arg>${marca1}</arg>
<arg>10s</arg>
<doc>Waits until the element ``locator`` is enabled.</doc>
<status status="PASS" start="2025-09-06T00:09:29.231412" elapsed="0.117367"/>
</kw>
<kw name="Click Element" owner="SeleniumLibrary">
<msg time="2025-09-06T00:09:29.348779" level="INFO">Clicking element '//area[@href='/pePI/jsp/marcas/Pesquisa_num_processo.jsp' and @coords='17,16,243,72']'.</msg>
<arg>${marca1}</arg>
<doc>Click the element identified by ``locator``.</doc>
<status status="PASS" start="2025-09-06T00:09:29.348779" elapsed="0.429960"/>
</kw>
<kw name="Wait Until Element Is Enabled" owner="SeleniumLibrary">
<arg>${marca2}</arg>
<arg>10s</arg>
<doc>Waits until the element ``locator`` is enabled.</doc>
<status status="PASS" start="2025-09-06T00:09:29.779800" elapsed="0.056944"/>
</kw>
<kw name="Click Element" owner="SeleniumLibrary">
<msg time="2025-09-06T00:09:29.836744" level="INFO">Clicking element '//a[@class='titulo' and normalize-space(text()='Pesquisa Básica')]'.</msg>
<arg>${marca2}</arg>
<doc>Click the element identified by ``locator``.</doc>
<status status="PASS" start="2025-09-06T00:09:29.836744" elapsed="0.236940"/>
</kw>
<kw name="Click Element" owner="SeleniumLibrary">
<msg time="2025-09-06T00:09:30.073684" level="INFO">Clicking element '//area[contains(@href='../marcas/Pesquisa_classe_avancada.jsp')]'.</msg>
<msg time="2025-09-06T00:09:30.403542" level="INFO" html="true">&lt;/td&gt;&lt;/tr&gt;&lt;tr&gt;&lt;td colspan="3"&gt;&lt;a href="selenium-screenshot-43.png"&gt;&lt;img src="selenium-screenshot-43.png" width="800px"&gt;&lt;/a&gt;</msg>
<msg time="2025-09-06T00:09:30.405375" level="FAIL">InvalidSelectorException: Message: invalid selector: Unable to locate an element with the xpath expression //area[contains(@href='../marcas/Pesquisa_classe_avancada.jsp')] because of the following error:
SyntaxError: Failed to execute 'evaluate' on 'Document': The string '//area[contains(@href='../marcas/Pesquisa_classe_avancada.jsp')]' is not a valid XPath expression.
  (Session info: chrome=139.0.7258.155); For documentation on this error, please visit: https://www.selenium.dev/documentation/webdriver/troubleshooting/errors#invalid-selector-exception
Stacktrace:
	GetHandleVerifier [0x0x7ff6e7b378d5+2802741]
	GetHandleVerifier [0x0x7ff6e789eb70+79568]
	(No symbol) [0x0x7ff6e763c0fa]
	(No symbol) [0x0x7ff6e7643abd]
	(No symbol) [0x0x7ff6e7646b1c]
	(No symbol) [0x0x7ff6e7646bef]
	(No symbol) [0x0x7ff6e7692347]
	(No symbol) [0x0x7ff6e7692d4c]
	(No symbol) [0x0x7ff6e76e6047]
	(No symbol) [0x0x7ff6e76baccf]
	(No symbol) [0x0x7ff6e76e2e24]
	(No symbol) [0x0x7ff6e76baa63]
	(No symbol) [0x0x7ff6e7683c91]
	(No symbol) [0x0x7ff6e7684a23]
	GetHandleVerifier [0x0x7ff6e7b62ced+2979917]
	GetHandleVerifier [0x0x7ff6e7b5d0f3+2956371]
	GetHandleVerifier [0x0x7ff6e7b7acbd+3078173]
	GetHandleVerifier [0x0x7ff6e78b836e+184014]
	GetHandleVerifier [0x0x7ff6e78c024f+216495]
	GetHandleVerifier [0x0x7ff6e78a70c4+113700]
	GetHandleVerifier [0x0x7ff6e78a7279+114137]
	GetHandleVerifier [0x0x7ff6e788df78+10968]
	BaseThreadInitThunk [0x0x7ffa324be8d7+23]
	RtlUserThreadStart [0x0x7ffa3473c34c+44]
</msg>
<arg>${pesquisaAvancada}</arg>
<doc>Click the element identified by ``locator``.</doc>
<status status="FAIL" start="2025-09-06T00:09:30.073684" elapsed="0.342741">InvalidSelectorException: Message: invalid selector: Unable to locate an element with the xpath expression //area[contains(@href='../marcas/Pesquisa_classe_avancada.jsp')] because of the following error:
SyntaxError: Failed to execute 'evaluate' on 'Document': The string '//area[contains(@href='../marcas/Pesquisa_classe_avancada.jsp')]' is not a valid XPath expression.
  (Session info: chrome=139.0.7258.155); For documentation on this error, please visit: https://www.selenium.dev/documentation/webdriver/troubleshooting/errors#invalid-selector-exception
Stacktrace:
	GetHandleVerifier [0x0x7ff6e7b378d5+2802741]
	GetHandleVerifier [0x0x7ff6e789eb70+79568]
	(No symbol) [0x0x7ff6e763c0fa]
	(No symbol) [0x0x7ff6e7643abd]
	(No symbol) [0x0x7ff6e7646b1c]
	(No symbol) [0x0x7ff6e7646bef]
	(No symbol) [0x0x7ff6e7692347]
	(No symbol) [0x0x7ff6e7692d4c]
	(No symbol) [0x0x7ff6e76e6047]
	(No symbol) [0x0x7ff6e76baccf]
	(No symbol) [0x0x7ff6e76e2e24]
	(No symbol) [0x0x7ff6e76baa63]
	(No symbol) [0x0x7ff6e7683c91]
	(No symbol) [0x0x7ff6e7684a23]
	GetHandleVerifier [0x0x7ff6e7b62ced+2979917]
	GetHandleVerifier [0x0x7ff6e7b5d0f3+2956371]
	GetHandleVerifier [0x0x7ff6e7b7acbd+3078173]
	GetHandleVerifier [0x0x7ff6e78b836e+184014]
	GetHandleVerifier [0x0x7ff6e78c024f+216495]
	GetHandleVerifier [0x0x7ff6e78a70c4+113700]
	GetHandleVerifier [0x0x7ff6e78a7279+114137]
	GetHandleVerifier [0x0x7ff6e788df78+10968]
	BaseThreadInitThunk [0x0x7ffa324be8d7+23]
	RtlUserThreadStart [0x0x7ffa3473c34c+44]
</status>
</kw>
<status status="FAIL" start="2025-09-06T00:09:29.228262" elapsed="1.188163">InvalidSelectorException: Message: invalid selector: Unable to locate an element with the xpath expression //area[contains(@href='../marcas/Pesquisa_classe_avancada.jsp')] because of the following error:
SyntaxError: Failed to execute 'evaluate' on 'Document': The string '//area[contains(@href='../marcas/Pesquisa_classe_avancada.jsp')]' is not a valid XPath expression.
  (Session info: chrome=139.0.7258.155); For documentation on this error, please visit: https://www.selenium.dev/documentation/webdriver/troubleshooting/errors#invalid-selector-exception
Stacktrace:
	GetHandleVerifier [0x0x7ff6e7b378d5+2802741]
	GetHandleVerifier [0x0x7ff6e789eb70+79568]
	(No symbol) [0x0x7ff6e763c0fa]
	(No symbol) [0x0x7ff6e7643abd]
	(No symbol) [0x0x7ff6e7646b1c]
	(No symbol) [0x0x7ff6e7646bef]
	(No symbol) [0x0x7ff6e7692347]
	(No symbol) [0x0x7ff6e7692d4c]
	(No symbol) [0x0x7ff6e76e6047]
	(No symbol) [0x0x7ff6e76baccf]
	(No symbol) [0x0x7ff6e76e2e24]
	(No symbol) [0x0x7ff6e76baa63]
	(No symbol) [0x0x7ff6e7683c91]
	(No symbol) [0x0x7ff6e7684a23]
	GetHandleVerifier [0x0x7ff6e7b62ced+2979917]
	GetHandleVerifier [0x0x7ff6e7b5d0f3+2956371]
	GetHandleVerifier [0x0x7ff6e7b7acbd+3078173]
	GetHandleVerifier [0x0x7ff6e78b836e+184014]
	GetHandleVerifier [0x0x7ff6e78c024f+216495]
	GetHandleVerifier [0x0x7ff6e78a70c4+113700]
	GetHandleVerifier [0x0x7ff6e78a7279+114137]
	GetHandleVerifier [0x0x7ff6e788df78+10968]
	BaseThreadInitThunk [0x0x7ffa324be8d7+23]
	RtlUserThreadStart [0x0x7ffa3473c34c+44]
</status>
</kw>
<kw name="buscar marca">
<status status="NOT RUN" start="2025-09-06T00:09:30.418765" elapsed="0.000000"/>
</kw>
<status status="FAIL" start="2025-09-06T00:09:26.199034" elapsed="4.221785">InvalidSelectorException: Message: invalid selector: Unable to locate an element with the xpath expression //area[contains(@href='../marcas/Pesquisa_classe_avancada.jsp')] because of the following error:
SyntaxError: Failed to execute 'evaluate' on 'Document': The string '//area[contains(@href='../marcas/Pesquisa_classe_avancada.jsp')]' is not a valid XPath expression.
  (Session info: chrome=139.0.7258.155); For documentation on this error, please visit: https://www.selenium.dev/documentation/webdriver/troubleshooting/errors#invalid-selector-exception
Stacktrace:
	GetHandleVerifier [0x0x7ff6e7b378d5+2802741]
	GetHandleVerifier [0x0x7ff6e789eb70+79568]
	(No symbol) [0x0x7ff6e763c0fa]
	(No symbol) [0x0x7ff6e7643abd]
	(No symbol) [0x0x7ff6e7646b1c]
	(No symbol) [0x0x7ff6e7646bef]
	(No symbol) [0x0x7ff6e7692347]
	(No symbol) [0x0x7ff6e7692d4c]
	(No symbol) [0x0x7ff6e76e6047]
	(No symbol) [0x0x7ff6e76baccf]
	(No symbol) [0x0x7ff6e76e2e24]
	(No symbol) [0x0x7ff6e76baa63]
	(No symbol) [0x0x7ff6e7683c91]
	(No symbol) [0x0x7ff6e7684a23]
	GetHandleVerifier [0x0x7ff6e7b62ced+2979917]
	GetHandleVerifier [0x0x7ff6e7b5d0f3+2956371]
	GetHandleVerifier [0x0x7ff6e7b7acbd+3078173]
	GetHandleVerifier [0x0x7ff6e78b836e+184014]
	GetHandleVerifier [0x0x7ff6e78c024f+216495]
	GetHandleVerifier [0x0x7ff6e78a70c4+113700]
	GetHandleVerifier [0x0x7ff6e78a7279+114137]
	GetHandleVerifier [0x0x7ff6e788df78+10968]
	BaseThreadInitThunk [0x0x7ffa324be8d7+23]
	RtlUserThreadStart [0x0x7ffa3473c34c+44]
</status>
</test>
<status status="FAIL" start="2025-09-06T00:09:25.551450" elapsed="4.906336"/>
</suite>
<status status="FAIL" start="2025-09-06T00:09:25.529047" elapsed="4.942814"/>
</suite>
<status status="FAIL" start="2025-09-06T00:09:25.470303" elapsed="5.008885"/>
</suite>
<statistics>
<total>
<stat pass="0" fail="1" skip="0">All Tests</stat>
</total>
<tag>
</tag>
<suite>
<stat name="Robot-Tests" id="s1" pass="0" fail="1" skip="0">Robot-Tests</stat>
<stat name="Tests" id="s1-s1" pass="0" fail="1" skip="0">Robot-Tests.Tests</stat>
<stat name="Inpi" id="s1-s1-s1" pass="0" fail="1" skip="0">Robot-Tests.Tests.Inpi</stat>
</suite>
</statistics>
<errors>
<msg time="2025-09-06T00:09:26.209952" level="WARN">exexcutable_path is being deprecated. Please use service to configure the driver's executable_path as per documentation.</msg>
</errors>
</robot>
